# JRE version: Java(TM) SE Runtime Environment (8.0_111-b14) (build 1.8.0_111-b14)
# Java VM: Java HotSpot(TM) 64-Bit Server VM (25.111-b14 mixed mode bsd-amd64 compressed oops)
Heap:
 PSYoungGen      total 77312K, used 21625K [0x000000076ab00000, 0x0000000770a00000, 0x00000007c0000000)
  eden space 61440K, 34% used [0x000000076ab00000,0x000000076bfde450,0x000000076e700000)
  from space 15872K, 1% used [0x000000076e800000,0x000000076e840000,0x000000076f780000)
  to   space 17920K, 0% used [0x000000076f880000,0x000000076f880000,0x0000000770a00000)
 ParOldGen       total 175104K, used 17314K [0x00000006c0000000, 0x00000006cab00000, 0x000000076ab00000)
  object space 175104K, 9% used [0x00000006c0000000,0x00000006c10e89f0,0x00000006cab00000)
 Metaspace       used 19239K, capacity 19475K, committed 19712K, reserved 1067008K
  class space    used 1897K, capacity 1984K, committed 2048K, reserved 1048576K
GC Heap History (10 events):
Event: 23.334 GC heap before
{Heap before GC invocations=3 (full 0):
 PSYoungGen      total 76288K, used 76275K [0x000000076ab00000, 0x0000000770000000, 0x00000007c0000000)
  eden space 65536K, 100% used [0x000000076ab00000,0x000000076eb00000,0x000000076eb00000)
  from space 10752K, 99% used [0x000000076f580000,0x000000076fffcdb0,0x0000000770000000)
  to   space 10752K, 0% used [0x000000076eb00000,0x000000076eb00000,0x000000076f580000)
 ParOldGen       total 175104K, used 6696K [0x00000006c0000000, 0x00000006cab00000, 0x000000076ab00000)
  object space 175104K, 3% used [0x00000006c0000000,0x00000006c068a280,0x00000006cab00000)
 Metaspace       used 19159K, capacity 19411K, committed 19712K, reserved 1067008K
  class space    used 1890K, capacity 1984K, committed 2048K, reserved 1048576K
Event: 23.341 GC heap after
Heap after GC invocations=3 (full 0):
 PSYoungGen      total 76288K, used 10739K [0x000000076ab00000, 0x0000000770000000, 0x00000007c0000000)
  eden space 65536K, 0% used [0x000000076ab00000,0x000000076ab00000,0x000000076eb00000)
  from space 10752K, 99% used [0x000000076eb00000,0x000000076f57cdb0,0x000000076f580000)
  to   space 10752K, 0% used [0x000000076f580000,0x000000076f580000,0x0000000770000000)
 ParOldGen       total 175104K, used 6712K [0x00000006c0000000, 0x00000006cab00000, 0x000000076ab00000)
  object space 175104K, 3% used [0x00000006c0000000,0x00000006c068e280,0x00000006cab00000)
 Metaspace       used 19159K, capacity 19411K, committed 19712K, reserved 1067008K
  class space    used 1890K, capacity 1984K, committed 2048K, reserved 1048576K
}
Event: 40.837 GC heap before
{Heap before GC invocations=4 (full 0):
 PSYoungGen      total 76288K, used 76275K [0x000000076ab00000, 0x0000000770000000, 0x00000007c0000000)
  eden space 65536K, 100% used [0x000000076ab00000,0x000000076eb00000,0x000000076eb00000)
  from space 10752K, 99% used [0x000000076eb00000,0x000000076f57cdb0,0x000000076f580000)
  to   space 10752K, 0% used [0x000000076f580000,0x000000076f580000,0x0000000770000000)
 ParOldGen       total 175104K, used 6712K [0x00000006c0000000, 0x00000006cab00000, 0x000000076ab00000)
  object space 175104K, 3% used [0x00000006c0000000,0x00000006c068e280,0x00000006cab00000)
 Metaspace       used 19172K, capacity 19411K, committed 19712K, reserved 1067008K
  class space    used 1890K, capacity 1984K, committed 2048K, reserved 1048576K
Event: 40.844 GC heap after
Heap after GC invocations=4 (full 0):
 PSYoungGen      total 76288K, used 10707K [0x000000076ab00000, 0x0000000770000000, 0x00000007c0000000)
  eden space 65536K, 0% used [0x000000076ab00000,0x000000076ab00000,0x000000076eb00000)
  from space 10752K, 99% used [0x000000076f580000,0x000000076fff4d90,0x0000000770000000)
  to   space 10752K, 0% used [0x000000076eb00000,0x000000076eb00000,0x000000076f580000)
 ParOldGen       total 175104K, used 6720K [0x00000006c0000000, 0x00000006cab00000, 0x000000076ab00000)
  object space 175104K, 3% used [0x00000006c0000000,0x00000006c0690280,0x00000006cab00000)
 Metaspace       used 19172K, capacity 19411K, committed 19712K, reserved 1067008K
  class space    used 1890K, capacity 1984K, committed 2048K, reserved 1048576K
}
Event: 58.507 GC heap before
{Heap before GC invocations=5 (full 0):
 PSYoungGen      total 76288K, used 76243K [0x000000076ab00000, 0x0000000770000000, 0x00000007c0000000)
  eden space 65536K, 100% used [0x000000076ab00000,0x000000076eb00000,0x000000076eb00000)
  from space 10752K, 99% used [0x000000076f580000,0x000000076fff4d90,0x0000000770000000)
  to   space 10752K, 0% used [0x000000076eb00000,0x000000076eb00000,0x000000076f580000)
 ParOldGen       total 175104K, used 6720K [0x00000006c0000000, 0x00000006cab00000, 0x000000076ab00000)
  object space 175104K, 3% used [0x00000006c0000000,0x00000006c0690280,0x00000006cab00000)
 Metaspace       used 19185K, capacity 19411K, committed 19712K, reserved 1067008K
  class space    used 1891K, capacity 1984K, committed 2048K, reserved 1048576K
Event: 58.516 GC heap after
Heap after GC invocations=5 (full 0):
 PSYoungGen      total 74752K, used 10707K [0x000000076ab00000, 0x0000000770980000, 0x00000007c0000000)
  eden space 64000K, 0% used [0x000000076ab00000,0x000000076ab00000,0x000000076e980000)
  from space 10752K, 99% used [0x000000076eb00000,0x000000076f574db0,0x000000076f580000)
  to   space 16384K, 0% used [0x000000076f980000,0x000000076f980000,0x0000000770980000)
 ParOldGen       total 175104K, used 6728K [0x00000006c0000000, 0x00000006cab00000, 0x000000076ab00000)
  object space 175104K, 3% used [0x00000006c0000000,0x00000006c0692280,0x00000006cab00000)
 Metaspace       used 19185K, capacity 19411K, committed 19712K, reserved 1067008K
  class space    used 1891K, capacity 1984K, committed 2048K, reserved 1048576K
}
Event: 75.758 GC heap before
{Heap before GC invocations=6 (full 0):
 PSYoungGen      total 74752K, used 74707K [0x000000076ab00000, 0x0000000770980000, 0x00000007c0000000)
  eden space 64000K, 100% used [0x000000076ab00000,0x000000076e980000,0x000000076e980000)
  from space 10752K, 99% used [0x000000076eb00000,0x000000076f574db0,0x000000076f580000)
  to   space 16384K, 0% used [0x000000076f980000,0x000000076f980000,0x0000000770980000)
 ParOldGen       total 175104K, used 6728K [0x00000006c0000000, 0x00000006cab00000, 0x000000076ab00000)
  object space 175104K, 3% used [0x00000006c0000000,0x00000006c0692280,0x00000006cab00000)
 Metaspace       used 19185K, capacity 19411K, committed 19712K, reserved 1067008K
  class space    used 1891K, capacity 1984K, committed 2048K, reserved 1048576K
Event: 75.766 GC heap after
Heap after GC invocations=6 (full 0):
 PSYoungGen      total 76288K, used 10755K [0x000000076ab00000, 0x0000000770700000, 0x00000007c0000000)
  eden space 62464K, 0% used [0x000000076ab00000,0x000000076ab00000,0x000000076e800000)
  from space 13824K, 77% used [0x000000076f980000,0x0000000770400da0,0x0000000770700000)
  to   space 15872K, 0% used [0x000000076e800000,0x000000076e800000,0x000000076f780000)
 ParOldGen       total 175104K, used 6736K [0x00000006c0000000, 0x00000006cab00000, 0x000000076ab00000)
  object space 175104K, 3% used [0x00000006c0000000,0x00000006c0694280,0x00000006cab00000)
 Metaspace       used 19185K, capacity 19411K, committed 19712K, reserved 1067008K
  class space    used 1891K, capacity 1984K, committed 2048K, reserved 1048576K
}
Event: 92.245 GC heap before
{Heap before GC invocations=7 (full 0):
 PSYoungGen      total 76288K, used 73219K [0x000000076ab00000, 0x0000000770700000, 0x00000007c0000000)
  eden space 62464K, 100% used [0x000000076ab00000,0x000000076e800000,0x000000076e800000)
  from space 13824K, 77% used [0x000000076f980000,0x0000000770400da0,0x0000000770700000)
  to   space 15872K, 0% used [0x000000076e800000,0x000000076e800000,0x000000076f780000)
 ParOldGen       total 175104K, used 6736K [0x00000006c0000000, 0x00000006cab00000, 0x000000076ab00000)
  object space 175104K, 3% used [0x00000006c0000000,0x00000006c0694280,0x00000006cab00000)
 Metaspace       used 19209K, capacity 19411K, committed 19712K, reserved 1067008K
  class space    used 1891K, capacity 1984K, committed 2048K, reserved 1048576K
Event: 92.255 GC heap after
Heap after GC invocations=7 (full 0):
 PSYoungGen      total 77312K, used 256K [0x000000076ab00000, 0x0000000770a00000, 0x00000007c0000000)
  eden space 61440K, 0% used [0x000000076ab00000,0x000000076ab00000,0x000000076e700000)
  from space 15872K, 1% used [0x000000076e800000,0x000000076e840000,0x000000076f780000)
  to   space 17920K, 0% used [0x000000076f880000,0x000000076f880000,0x0000000770a00000)
 ParOldGen       total 175104K, used 17314K [0x00000006c0000000, 0x00000006cab00000, 0x000000076ab00000)
  object space 175104K, 9% used [0x00000006c0000000,0x00000006c10e89f0,0x00000006cab00000)
 Metaspace       used 19209K, capacity 19411K, committed 19712K, reserved 1067008K
  class space    used 1891K, capacity 1984K, committed 2048K, reserved 1048576K
}

